<?xml version="1.0" encoding="UTF-8"?>
<testsuite xmlns:xsi="http://www.w3.org/2001/XMLSchema-instance" xsi:noNamespaceSchemaLocation="https://maven.apache.org/surefire/maven-surefire-plugin/xsd/surefire-test-report-3.0.xsd" version="3.0" name="com.example.ratingsdataservice.RatingsDataServiceApplicationTests" time="3.445" tests="1" errors="0" skipped="0" failures="0">
  <properties>
[...]
</properties>
  <testcase name="contextLoads" classname="com.example.ratingsdataservice.RatingsDataServiceApplicationTests" time="0.835">
    <system-out><![CDATA[11:10:58.787 [main] INFO org.springframework.test.context.support.AnnotationConfigContextLoaderUtils -- Could not detect default configuration classes for test class [com.example.ratingsdataservice.RatingsDataServiceApplicationTests]: RatingsDataServiceApplicationTests does not declare any static, non-private, non-final, nested classes annotated with @Configuration.
11:10:58.892 [main] INFO org.springframework.boot.test.context.SpringBootTestContextBootstrapper -- Found @SpringBootConfiguration com.example.ratingsdataservice.RatingsDataServiceApplication for test class com.example.ratingsdataservice.RatingsDataServiceApplicationTests

  .   ____          _            __ _ _
 /\\ / ___'_ __ _ _(_)_ __  __ _ \ \ \ \
( ( )\___ | '_ | '_| | '_ \/ _` | \ \ \ \
 \\/  ___)| |_)| | | | | || (_| |  ) ) ) )
  '  |____| .__|_| |_|_| |_\__, | / / / /
 =========|_|==============|___/=/_/_/_/
 :: Spring Boot ::                (v3.2.4)

2024-04-15T11:10:59.253-05:00  INFO 32798 --- [ratings-data-service] [           main] c.e.r.RatingsDataServiceApplicationTests : Starting RatingsDataServiceApplicationTests using Java 17.0.7 with PID 32798 (started by ianperfitt in /Users/ianperfitt/Desktop/Movie-Catalog-Microservice-App/ratings-data-service)
2024-04-15T11:10:59.254-05:00  INFO 32798 --- [ratings-data-service] [           main] c.e.r.RatingsDataServiceApplicationTests : No active profile set, falling back to 1 default profile: "default"
2024-04-15T11:10:59.971-05:00  INFO 32798 --- [ratings-data-service] [           main] o.s.cloud.context.scope.GenericScope     : BeanFactory id=90a87697-dca8-31e3-9f57-b9aa22f25399
2024-04-15T11:11:00.035-05:00  WARN 32798 --- [ratings-data-service] [           main] trationDelegate$BeanPostProcessorChecker : Bean 'org.springframework.cloud.client.loadbalancer.LoadBalancerAutoConfiguration$DeferringLoadBalancerInterceptorConfig' of type [org.springframework.cloud.client.loadbalancer.LoadBalancerAutoConfiguration$DeferringLoadBalancerInterceptorConfig] is not eligible for getting processed by all BeanPostProcessors (for example: not eligible for auto-proxying). The currently created BeanPostProcessor [lbRestClientPostProcessor] is declared through a non-static factory method on that class; consider declaring it as static instead.
2024-04-15T11:11:00.040-05:00  WARN 32798 --- [ratings-data-service] [           main] trationDelegate$BeanPostProcessorChecker : Bean 'deferringLoadBalancerInterceptor' of type [org.springframework.cloud.client.loadbalancer.DeferringLoadBalancerInterceptor] is not eligible for getting processed by all BeanPostProcessors (for example: not eligible for auto-proxying). Is this bean getting eagerly injected into a currently created BeanPostProcessor [lbRestClientPostProcessor]? Check the corresponding BeanPostProcessor declaration and its dependencies.
2024-04-15T11:11:00.651-05:00  INFO 32798 --- [ratings-data-service] [           main] DiscoveryClientOptionalArgsConfiguration : Eureka HTTP Client uses RestTemplate.
2024-04-15T11:11:00.687-05:00  WARN 32798 --- [ratings-data-service] [           main] iguration$LoadBalancerCaffeineWarnLogger : Spring Cloud LoadBalancer is currently working with the default cache. While this cache implementation is useful for development and tests, it's recommended to use Caffeine cache in production.You can switch to using Caffeine cache, by adding it and org.springframework.cache.caffeine.CaffeineCacheManager to the classpath.
2024-04-15T11:11:00.710-05:00  INFO 32798 --- [ratings-data-service] [           main] o.s.c.n.eureka.InstanceInfoFactory       : Setting initial instance status as: STARTING
2024-04-15T11:11:00.786-05:00  INFO 32798 --- [ratings-data-service] [           main] com.netflix.discovery.DiscoveryClient    : Initializing Eureka in region us-east-1
2024-04-15T11:11:00.791-05:00  INFO 32798 --- [ratings-data-service] [           main] c.n.d.s.r.aws.ConfigClusterResolver      : Resolving eureka endpoints via configuration
2024-04-15T11:11:00.810-05:00  INFO 32798 --- [ratings-data-service] [           main] com.netflix.discovery.DiscoveryClient    : Disable delta property : false
2024-04-15T11:11:00.810-05:00  INFO 32798 --- [ratings-data-service] [           main] com.netflix.discovery.DiscoveryClient    : Single vip registry refresh property : null
2024-04-15T11:11:00.810-05:00  INFO 32798 --- [ratings-data-service] [           main] com.netflix.discovery.DiscoveryClient    : Force full registry fetch : false
2024-04-15T11:11:00.810-05:00  INFO 32798 --- [ratings-data-service] [           main] com.netflix.discovery.DiscoveryClient    : Application is null : false
2024-04-15T11:11:00.810-05:00  INFO 32798 --- [ratings-data-service] [           main] com.netflix.discovery.DiscoveryClient    : Registered Applications size is zero : true
2024-04-15T11:11:00.810-05:00  INFO 32798 --- [ratings-data-service] [           main] com.netflix.discovery.DiscoveryClient    : Application version is -1: true
2024-04-15T11:11:00.810-05:00  INFO 32798 --- [ratings-data-service] [           main] com.netflix.discovery.DiscoveryClient    : Getting all instance registry info from the eureka server
2024-04-15T11:11:01.172-05:00  INFO 32798 --- [ratings-data-service] [           main] com.netflix.discovery.DiscoveryClient    : The response status is 200
2024-04-15T11:11:01.175-05:00  INFO 32798 --- [ratings-data-service] [           main] com.netflix.discovery.DiscoveryClient    : Starting heartbeat executor: renew interval is: 30
2024-04-15T11:11:01.178-05:00  INFO 32798 --- [ratings-data-service] [           main] c.n.discovery.InstanceInfoReplicator     : InstanceInfoReplicator onDemand update allowed rate per min is 4
2024-04-15T11:11:01.183-05:00  INFO 32798 --- [ratings-data-service] [           main] com.netflix.discovery.DiscoveryClient    : Discovery Client initialized at timestamp 1713197461182 with initial instances count: 1
2024-04-15T11:11:01.185-05:00  INFO 32798 --- [ratings-data-service] [           main] o.s.c.n.e.s.EurekaServiceRegistry        : Registering application RATINGS-DATA-SERVICE with eureka with status UP
2024-04-15T11:11:01.186-05:00  INFO 32798 --- [ratings-data-service] [           main] com.netflix.discovery.DiscoveryClient    : Saw local status change event StatusChangeEvent [timestamp=1713197461186, current=UP, previous=STARTING]
2024-04-15T11:11:01.187-05:00  INFO 32798 --- [ratings-data-service] [nfoReplicator-0] com.netflix.discovery.DiscoveryClient    : DiscoveryClient_RATINGS-DATA-SERVICE/10.0.0.34:ratings-data-service:8083: registering service...
2024-04-15T11:11:01.206-05:00  INFO 32798 --- [ratings-data-service] [           main] c.e.r.RatingsDataServiceApplicationTests : Started RatingsDataServiceApplicationTests in 2.189 seconds (process running for 3.096)
2024-04-15T11:11:01.228-05:00  INFO 32798 --- [ratings-data-service] [nfoReplicator-0] com.netflix.discovery.DiscoveryClient    : DiscoveryClient_RATINGS-DATA-SERVICE/10.0.0.34:ratings-data-service:8083 - registration status: 204
]]></system-out>
  </testcase>
</testsuite>